{"C:\\Users\\Andr1o\\Desktop\\react-learn\\react-films\\src\\actions\\movie-details-page.action.js": {"path":"C:\\Users\\Andr1o\\Desktop\\react-learn\\react-films\\src\\actions\\movie-details-page.action.js","statementMap":{"0":{"start":{"line":3,"column":25},"end":{"line":3,"column":49}},"1":{"start":{"line":5,"column":37},"end":{"line":5,"column":70}},"2":{"start":{"line":7,"column":31},"end":{"line":10,"column":50}},"3":{"start":{"line":7,"column":44},"end":{"line":10,"column":50}},"4":{"start":{"line":8,"column":2},"end":{"line":10,"column":50}},"5":{"start":{"line":9,"column":15},"end":{"line":9,"column":23}},"6":{"start":{"line":10,"column":15},"end":{"line":10,"column":49}}},"fnMap":{"0":{"name":"(anonymous_0)","decl":{"start":{"line":7,"column":31},"end":{"line":7,"column":32}},"loc":{"start":{"line":7,"column":44},"end":{"line":10,"column":50}},"line":7},"1":{"name":"(anonymous_1)","decl":{"start":{"line":7,"column":44},"end":{"line":7,"column":45}},"loc":{"start":{"line":8,"column":2},"end":{"line":10,"column":50}},"line":8},"2":{"name":"(anonymous_2)","decl":{"start":{"line":9,"column":10},"end":{"line":9,"column":11}},"loc":{"start":{"line":9,"column":15},"end":{"line":9,"column":23}},"line":9},"3":{"name":"(anonymous_3)","decl":{"start":{"line":10,"column":10},"end":{"line":10,"column":11}},"loc":{"start":{"line":10,"column":15},"end":{"line":10,"column":49}},"line":10}},"branchMap":{},"s":{"0":2,"1":2,"2":2,"3":1,"4":1,"5":1,"6":1},"f":{"0":1,"1":1,"2":1,"3":1},"b":{},"_coverageSchema":"1a1c01bbd47fc00a2c39e90264f33305004495a9","hash":"c310a33c00a44e9aec628c8e182475c86bfc686d"}
,"C:\\Users\\Andr1o\\Desktop\\react-learn\\react-films\\src\\actions\\movies-list.action.js": {"path":"C:\\Users\\Andr1o\\Desktop\\react-learn\\react-films\\src\\actions\\movies-list.action.js","statementMap":{"0":{"start":{"line":8,"column":35},"end":{"line":8,"column":65}},"1":{"start":{"line":11,"column":2},"end":{"line":17,"column":3}},"2":{"start":{"line":12,"column":4},"end":{"line":16,"column":51}},"3":{"start":{"line":15,"column":17},"end":{"line":15,"column":25}},"4":{"start":{"line":16,"column":17},"end":{"line":16,"column":49}}},"fnMap":{"0":{"name":"getMoviesList","decl":{"start":{"line":10,"column":16},"end":{"line":10,"column":29}},"loc":{"start":{"line":10,"column":149},"end":{"line":18,"column":1}},"line":10},"1":{"name":"(anonymous_1)","decl":{"start":{"line":11,"column":9},"end":{"line":11,"column":10}},"loc":{"start":{"line":11,"column":23},"end":{"line":17,"column":3}},"line":11},"2":{"name":"(anonymous_2)","decl":{"start":{"line":15,"column":12},"end":{"line":15,"column":13}},"loc":{"start":{"line":15,"column":17},"end":{"line":15,"column":25}},"line":15},"3":{"name":"(anonymous_3)","decl":{"start":{"line":16,"column":12},"end":{"line":16,"column":13}},"loc":{"start":{"line":16,"column":17},"end":{"line":16,"column":49}},"line":16}},"branchMap":{"0":{"loc":{"start":{"line":10,"column":30},"end":{"line":10,"column":41}},"type":"default-arg","locations":[{"start":{"line":10,"column":39},"end":{"line":10,"column":41}}],"line":10},"1":{"loc":{"start":{"line":10,"column":43},"end":{"line":10,"column":69}},"type":"default-arg","locations":[{"start":{"line":10,"column":55},"end":{"line":10,"column":69}}],"line":10},"2":{"loc":{"start":{"line":10,"column":71},"end":{"line":10,"column":82}},"type":"default-arg","locations":[{"start":{"line":10,"column":80},"end":{"line":10,"column":82}}],"line":10},"3":{"loc":{"start":{"line":10,"column":84},"end":{"line":10,"column":108}},"type":"default-arg","locations":[{"start":{"line":10,"column":95},"end":{"line":10,"column":108}}],"line":10},"4":{"loc":{"start":{"line":10,"column":110},"end":{"line":10,"column":123}},"type":"default-arg","locations":[{"start":{"line":10,"column":119},"end":{"line":10,"column":123}}],"line":10},"5":{"loc":{"start":{"line":10,"column":125},"end":{"line":10,"column":135}},"type":"default-arg","locations":[{"start":{"line":10,"column":134},"end":{"line":10,"column":135}}],"line":10},"6":{"loc":{"start":{"line":10,"column":137},"end":{"line":10,"column":147}},"type":"default-arg","locations":[{"start":{"line":10,"column":145},"end":{"line":10,"column":147}}],"line":10}},"s":{"0":1,"1":0,"2":0,"3":0,"4":0},"f":{"0":0,"1":0,"2":0,"3":0},"b":{"0":[0],"1":[0],"2":[0],"3":[0],"4":[0],"5":[0],"6":[0]},"_coverageSchema":"1a1c01bbd47fc00a2c39e90264f33305004495a9","hash":"2a2eaa291a7fef52576995650930db1d75046726"}
,"C:\\Users\\Andr1o\\Desktop\\react-learn\\react-films\\src\\constants\\consts.js": {"path":"C:\\Users\\Andr1o\\Desktop\\react-learn\\react-films\\src\\constants\\consts.js","statementMap":{},"fnMap":{},"branchMap":{},"s":{},"f":{},"b":{},"_coverageSchema":"1a1c01bbd47fc00a2c39e90264f33305004495a9","hash":"5accf0322ab9ab81f75a2622dad8a4faa6282dcf"}
,"C:\\Users\\Andr1o\\Desktop\\react-learn\\react-films\\src\\modules\\movie-list\\components\\FilterButton\\FilterButton.jsx": {"path":"C:\\Users\\Andr1o\\Desktop\\react-learn\\react-films\\src\\modules\\movie-list\\components\\FilterButton\\FilterButton.jsx","statementMap":{"0":{"start":{"line":6,"column":21},"end":{"line":13,"column":1}},"1":{"start":{"line":7,"column":4},"end":{"line":12,"column":13}},"2":{"start":{"line":15,"column":0},"end":{"line":19,"column":2}}},"fnMap":{"0":{"name":"(anonymous_0)","decl":{"start":{"line":6,"column":21},"end":{"line":6,"column":22}},"loc":{"start":{"line":6,"column":32},"end":{"line":13,"column":1}},"line":6}},"branchMap":{"0":{"loc":{"start":{"line":8,"column":56},"end":{"line":8,"column":93}},"type":"cond-expr","locations":[{"start":{"line":8,"column":73},"end":{"line":8,"column":86}},{"start":{"line":8,"column":89},"end":{"line":8,"column":93}}],"line":8},"1":{"loc":{"start":{"line":11,"column":9},"end":{"line":11,"column":54}},"type":"binary-expr","locations":[{"start":{"line":11,"column":9},"end":{"line":11,"column":23}},{"start":{"line":11,"column":27},"end":{"line":11,"column":54}}],"line":11}},"s":{"0":1,"1":1,"2":1},"f":{"0":1},"b":{"0":[0,1],"1":[1,0]},"_coverageSchema":"1a1c01bbd47fc00a2c39e90264f33305004495a9","hash":"66951a13ecfa00ffb7d6bd6e160ea800a2c8ccf3"}
,"C:\\Users\\Andr1o\\Desktop\\react-learn\\react-films\\src\\reducers\\movie-details-page.reducer.js": {"path":"C:\\Users\\Andr1o\\Desktop\\react-learn\\react-films\\src\\reducers\\movie-details-page.reducer.js","statementMap":{"0":{"start":{"line":4,"column":32},"end":{"line":8,"column":8}},"1":{"start":{"line":6,"column":4},"end":{"line":6,"column":19}}},"fnMap":{"0":{"name":"(anonymous_0)","decl":{"start":{"line":5,"column":32},"end":{"line":5,"column":33}},"loc":{"start":{"line":5,"column":54},"end":{"line":7,"column":3}},"line":5}},"branchMap":{},"s":{"0":1,"1":1},"f":{"0":1},"b":{},"_coverageSchema":"1a1c01bbd47fc00a2c39e90264f33305004495a9","hash":"873cbda13102acb2821ac5810796dc0ac0148c28"}
,"C:\\Users\\Andr1o\\Desktop\\react-learn\\react-films\\src\\reducers\\movies-list.reducer.js": {"path":"C:\\Users\\Andr1o\\Desktop\\react-learn\\react-films\\src\\reducers\\movies-list.reducer.js","statementMap":{"0":{"start":{"line":1,"column":26},"end":{"line":1,"column":50}},"1":{"start":{"line":2,"column":32},"end":{"line":2,"column":72}},"2":{"start":{"line":4,"column":26},"end":{"line":8,"column":30}},"3":{"start":{"line":6,"column":4},"end":{"line":6,"column":19}}},"fnMap":{"0":{"name":"(anonymous_0)","decl":{"start":{"line":5,"column":30},"end":{"line":5,"column":31}},"loc":{"start":{"line":5,"column":52},"end":{"line":7,"column":3}},"line":5}},"branchMap":{},"s":{"0":1,"1":1,"2":1,"3":0},"f":{"0":0},"b":{},"_coverageSchema":"1a1c01bbd47fc00a2c39e90264f33305004495a9","hash":"c1c1a99f7110592775a8a9a7d07154cb89727fc1"}
,"C:\\Users\\Andr1o\\Desktop\\react-learn\\react-films\\src\\utils\\enums\\SearchBy.js": {"path":"C:\\Users\\Andr1o\\Desktop\\react-learn\\react-films\\src\\utils\\enums\\SearchBy.js","statementMap":{},"fnMap":{},"branchMap":{},"s":{},"f":{},"b":{},"_coverageSchema":"1a1c01bbd47fc00a2c39e90264f33305004495a9","hash":"42d366138b865bdb7d5404fe3b31ae042f5c8922"}
,"C:\\Users\\Andr1o\\Desktop\\react-learn\\react-films\\src\\utils\\enums\\SortOrder.js": {"path":"C:\\Users\\Andr1o\\Desktop\\react-learn\\react-films\\src\\utils\\enums\\SortOrder.js","statementMap":{},"fnMap":{},"branchMap":{},"s":{},"f":{},"b":{},"_coverageSchema":"1a1c01bbd47fc00a2c39e90264f33305004495a9","hash":"8430a707c0610eca4f91e7737c914ad46af0a84c"}
,"C:\\Users\\Andr1o\\Desktop\\react-learn\\react-films\\src\\utils\\services\\urlDataBuilder\\urlDataBuilder.js": {"path":"C:\\Users\\Andr1o\\Desktop\\react-learn\\react-films\\src\\utils\\services\\urlDataBuilder\\urlDataBuilder.js","statementMap":{"0":{"start":{"line":1,"column":21},"end":{"line":7,"column":1}},"1":{"start":{"line":2,"column":2},"end":{"line":5,"column":3}},"2":{"start":{"line":3,"column":4},"end":{"line":3,"column":78}},"3":{"start":{"line":4,"column":4},"end":{"line":4,"column":14}},"4":{"start":{"line":6,"column":2},"end":{"line":6,"column":133}},"5":{"start":{"line":6,"column":44},"end":{"line":6,"column":126}}},"fnMap":{"0":{"name":"(anonymous_0)","decl":{"start":{"line":1,"column":21},"end":{"line":1,"column":22}},"loc":{"start":{"line":1,"column":43},"end":{"line":7,"column":1}},"line":1},"1":{"name":"(anonymous_1)","decl":{"start":{"line":6,"column":22},"end":{"line":6,"column":23}},"loc":{"start":{"line":6,"column":44},"end":{"line":6,"column":126}},"line":6}},"branchMap":{"0":{"loc":{"start":{"line":2,"column":2},"end":{"line":5,"column":3}},"type":"if","locations":[{"start":{"line":2,"column":2},"end":{"line":5,"column":3}},{"start":{"line":2,"column":2},"end":{"line":5,"column":3}}],"line":2},"1":{"loc":{"start":{"line":6,"column":44},"end":{"line":6,"column":126}},"type":"cond-expr","locations":[{"start":{"line":6,"column":58},"end":{"line":6,"column":90}},{"start":{"line":6,"column":93},"end":{"line":6,"column":126}}],"line":6}},"s":{"0":1,"1":0,"2":0,"3":0,"4":0,"5":0},"f":{"0":0,"1":0},"b":{"0":[0,0],"1":[0,0]},"_coverageSchema":"1a1c01bbd47fc00a2c39e90264f33305004495a9","hash":"c554ed286d0e15a7655ac07ba06bd61ffdf6e718"}
}
